<?xml version="1.0" encoding="UTF-8"?>
<testng-results total="1" passed="1" failed="0" skipped="0">
  <reporter-output>
  </reporter-output>
  <suite started-at="2022-07-27T11:26:19Z" name="Suite" finished-at="2022-07-27T11:26:19Z" duration-ms="47">
    <groups>
    </groups>
    <test started-at="2022-07-27T11:26:19Z" name="Test" finished-at="2022-07-27T11:26:19Z" duration-ms="47">
      <class name="samplePac.PracticeTest">
        <test-method signature="sample()[pri:0, instance:samplePac.PracticeTest@2e48362c]" started-at="2022-07-27T16:56:19Z" name="sample" finished-at="2022-07-27T16:56:19Z" duration-ms="18" status="PASS">
          <reporter-output>
          </reporter-output>
        </test-method> <!-- sample -->
      </class> <!-- samplePac.PracticeTest -->
    </test> <!-- Test -->
  </suite> <!-- Suite -->
</testng-results>
