<?xml version="1.0" encoding="UTF-8"?>
<testng-results total="1" passed="1" failed="0" skipped="0">
  <reporter-output>
  </reporter-output>
  <suite started-at="2022-07-27T11:19:02Z" name="Default suite" finished-at="2022-07-27T11:19:02Z" duration-ms="57">
    <groups>
    </groups>
    <test started-at="2022-07-27T11:19:02Z" name="Default test" finished-at="2022-07-27T11:19:02Z" duration-ms="57">
      <class name="samplePac.PracticeTest">
        <test-method signature="sample()[pri:0, instance:samplePac.PracticeTest@2e48362c]" started-at="2022-07-27T16:49:02Z" name="sample" finished-at="2022-07-27T16:49:02Z" duration-ms="25" status="PASS">
          <reporter-output>
          </reporter-output>
        </test-method> <!-- sample -->
      </class> <!-- samplePac.PracticeTest -->
    </test> <!-- Default test -->
  </suite> <!-- Default suite -->
</testng-results>
